<?xml version="1.0" encoding="UTF-8"?>
<!-- Generated by org.testng.reporters.JUnitReportReporter -->
<testsuite hostname="DIN16000554" name="Hello.Selenium" tests="1" failures="0" timestamp="28 Sep 2017 05:58:52 GMT" time="0.007" errors="0">
  <testcase name="Selenium" time="0.007" classname="Hello.Selenium"/>
</testsuite> <!-- Hello.Selenium -->
